Watching for file changes with StatReloader
C:\gimnasio\control_acceso\views.py changed, reloading.
Performing system checks...

System check identified no issues (0 silenced).
November 14, 2025 - 09:45:16
Django version 5.2.8, using settings 'gym.settings'
Starting development server at http://127.0.0.1:8000/
Quit the server with CTRL-BREAK.

WARNING: This is a development server. Do not use it in a production setting. Use a production WSGI or ASGI server instead.
For more information on production servers see: https://docs.djangoproject.com/en/5.2/howto/deployment/
Watching for file changes with StatReloader
C:\gimnasio\control_acceso\views.py changed, reloading.
Performing system checks...

System check identified no issues (0 silenced).
November 14, 2025 - 09:51:02
Django version 5.2.8, using settings 'gym.settings'
Starting development server at http://127.0.0.1:8000/
Quit the server with CTRL-BREAK.

WARNING: This is a development server. Do not use it in a production setting. Use a production WSGI or ASGI server instead.
For more information on production servers see: https://docs.djangoproject.com/en/5.2/howto/deployment/
Watching for file changes with StatReloader
C:\gimnasio\control_acceso\views.py changed, reloading.
Performing system checks...

System check identified no issues (0 silenced).
November 14, 2025 - 09:51:24
Django version 5.2.8, using settings 'gym.settings'
Starting development server at http://127.0.0.1:8000/
Quit the server with CTRL-BREAK.

WARNING: This is a development server. Do not use it in a production setting. Use a production WSGI or ASGI server instead.
For more information on production servers see: https://docs.djangoproject.com/en/5.2/howto/deployment/
Watching for file changes with StatReloader
[14/Nov/2025 09:57:17] "OPTIONS /api/dashboard/ HTTP/1.1" 200 0
[14/Nov/2025 09:57:17] "OPTIONS /api/dashboard/ HTTP/1.1" 200 0
Unauthorized: /api/dashboard/
[14/Nov/2025 09:57:17] "GET /api/dashboard/ HTTP/1.1" 401 172
Unauthorized: /api/dashboard/
[14/Nov/2025 09:57:17] "GET /api/dashboard/ HTTP/1.1" 401 172
[14/Nov/2025 09:57:25] "OPTIONS /api/token/ HTTP/1.1" 200 0
[14/Nov/2025 09:57:28] "POST /api/token/ HTTP/1.1" 200 494
[14/Nov/2025 09:57:28] "GET /api/dashboard/ HTTP/1.1" 200 246
[14/Nov/2025 09:57:28] "OPTIONS /api/dashboard/admin/ HTTP/1.1" 200 0
[14/Nov/2025 09:57:28] "GET /api/dashboard/admin/ HTTP/1.1" 200 380
[14/Nov/2025 09:57:29] "GET /api/dashboard/ HTTP/1.1" 200 246
[14/Nov/2025 09:57:29] "GET /api/dashboard/ HTTP/1.1" 200 246
[14/Nov/2025 09:57:29] "GET /api/dashboard/admin/ HTTP/1.1" 200 380
[14/Nov/2025 09:57:29] "GET /api/dashboard/admin/ HTTP/1.1" 200 380
[14/Nov/2025 09:57:32] "OPTIONS /api/instalaciones/sedes/ HTTP/1.1" 200 0
[14/Nov/2025 09:57:32] "OPTIONS /api/instalaciones/sedes/ HTTP/1.1" 200 0
[14/Nov/2025 09:57:33] "GET /api/instalaciones/sedes/ HTTP/1.1" 200 285
[14/Nov/2025 09:57:33] "GET /api/instalaciones/sedes/ HTTP/1.1" 200 285
[14/Nov/2025 09:57:36] "OPTIONS /api/accesos/registros/validar_acceso/ HTTP/1.1" 200 0
Internal Server Error: /api/accesos/registros/validar_acceso/
Traceback (most recent call last):
  File "C:\Users\malay\AppData\Roaming\Python\Python312\site-packages\django\core\handlers\exception.py", line 55, in inner
    response = get_response(request)
               ^^^^^^^^^^^^^^^^^^^^^
  File "C:\Users\malay\AppData\Roaming\Python\Python312\site-packages\django\core\handlers\base.py", line 197, in _get_response
    response = wrapped_callback(request, *callback_args, **callback_kwargs)
               ^^^^^^^^^^^^^^^^^^^^^^^^^^^^^^^^^^^^^^^^^^^^^^^^^^^^^^^^^^^^
  File "C:\Users\malay\AppData\Roaming\Python\Python312\site-packages\django\views\decorators\csrf.py", line 65, in _view_wrapper
    return view_func(request, *args, **kwargs)
           ^^^^^^^^^^^^^^^^^^^^^^^^^^^^^^^^^^^
  File "C:\Users\malay\AppData\Roaming\Python\Python312\site-packages\django\views\generic\base.py", line 105, in view
    return self.dispatch(request, *args, **kwargs)
           ^^^^^^^^^^^^^^^^^^^^^^^^^^^^^^^^^^^^^^^
  File "C:\Users\malay\AppData\Roaming\Python\Python312\site-packages\rest_framework\views.py", line 515, in dispatch
    response = self.handle_exception(exc)
               ^^^^^^^^^^^^^^^^^^^^^^^^^^
  File "C:\Users\malay\AppData\Roaming\Python\Python312\site-packages\rest_framework\views.py", line 475, in handle_exception
    self.raise_uncaught_exception(exc)
  File "C:\Users\malay\AppData\Roaming\Python\Python312\site-packages\rest_framework\views.py", line 486, in raise_uncaught_exception
    raise exc
  File "C:\Users\malay\AppData\Roaming\Python\Python312\site-packages\rest_framework\views.py", line 512, in dispatch
    response = handler(request, *args, **kwargs)
               ^^^^^^^^^^^^^^^^^^^^^^^^^^^^^^^^^
  File "C:\Users\malay\AppData\Roaming\Python\Python312\site-packages\rest_framework\decorators.py", line 50, in handler
    return func(*args, **kwargs)
           ^^^^^^^^^^^^^^^^^^^^^
  File "c:\gimnasio\control_acceso\views.py", line 35, in validar_acceso
    clientes = Cliente.objects.filter(
               ^^^^^^^^^^^^^^^^^^^^^^^
  File "C:\Users\malay\AppData\Roaming\Python\Python312\site-packages\django\db\models\manager.py", line 87, in manager_method
    return getattr(self.get_queryset(), name)(*args, **kwargs)
           ^^^^^^^^^^^^^^^^^^^^^^^^^^^^^^^^^^^^^^^^^^^^^^^^^^^
  File "C:\Users\malay\AppData\Roaming\Python\Python312\site-packages\django\db\models\query.py", line 1495, in filter
    return self._filter_or_exclude(False, args, kwargs)
           ^^^^^^^^^^^^^^^^^^^^^^^^^^^^^^^^^^^^^^^^^^^^
  File "C:\Users\malay\AppData\Roaming\Python\Python312\site-packages\django\db\models\query.py", line 1513, in _filter_or_exclude
    clone._filter_or_exclude_inplace(negate, args, kwargs)
  File "C:\Users\malay\AppData\Roaming\Python\Python312\site-packages\django\db\models\query.py", line 1523, in _filter_or_exclude_inplace
    self._query.add_q(Q(*args, **kwargs))
  File "C:\Users\malay\AppData\Roaming\Python\Python312\site-packages\django\db\models\sql\query.py", line 1646, in add_q
    clause, _ = self._add_q(q_object, can_reuse)
                ^^^^^^^^^^^^^^^^^^^^^^^^^^^^^^^^
  File "C:\Users\malay\AppData\Roaming\Python\Python312\site-packages\django\db\models\sql\query.py", line 1678, in _add_q
    child_clause, needed_inner = self.build_filter(
                                 ^^^^^^^^^^^^^^^^^^
  File "C:\Users\malay\AppData\Roaming\Python\Python312\site-packages\django\db\models\sql\query.py", line 1503, in build_filter
    return self._add_q(
           ^^^^^^^^^^^^
  File "C:\Users\malay\AppData\Roaming\Python\Python312\site-packages\django\db\models\sql\query.py", line 1678, in _add_q
    child_clause, needed_inner = self.build_filter(
                                 ^^^^^^^^^^^^^^^^^^
  File "C:\Users\malay\AppData\Roaming\Python\Python312\site-packages\django\db\models\sql\query.py", line 1588, in build_filter
    condition = self.build_lookup(lookups, col, value)
                ^^^^^^^^^^^^^^^^^^^^^^^^^^^^^^^^^^^^^^
  File "C:\Users\malay\AppData\Roaming\Python\Python312\site-packages\django\db\models\sql\query.py", line 1402, in build_lookup
    lhs = self.try_transform(lhs, name, lookups)
          ^^^^^^^^^^^^^^^^^^^^^^^^^^^^^^^^^^^^^^
  File "C:\Users\malay\AppData\Roaming\Python\Python312\site-packages\django\db\models\sql\query.py", line 1458, in try_transform
    raise FieldError(
django.core.exceptions.FieldError: Unsupported lookup 'user__email__icontains' for OneToOneField or join on the field not permitted.
[14/Nov/2025 09:57:37] "POST /api/accesos/registros/validar_acceso/ HTTP/1.1" 500 181303
Internal Server Error: /api/accesos/registros/validar_acceso/
Traceback (most recent call last):
  File "C:\Users\malay\AppData\Roaming\Python\Python312\site-packages\django\core\handlers\exception.py", line 55, in inner
    response = get_response(request)
               ^^^^^^^^^^^^^^^^^^^^^
  File "C:\Users\malay\AppData\Roaming\Python\Python312\site-packages\django\core\handlers\base.py", line 197, in _get_response
    response = wrapped_callback(request, *callback_args, **callback_kwargs)
               ^^^^^^^^^^^^^^^^^^^^^^^^^^^^^^^^^^^^^^^^^^^^^^^^^^^^^^^^^^^^
  File "C:\Users\malay\AppData\Roaming\Python\Python312\site-packages\django\views\decorators\csrf.py", line 65, in _view_wrapper
    return view_func(request, *args, **kwargs)
           ^^^^^^^^^^^^^^^^^^^^^^^^^^^^^^^^^^^
  File "C:\Users\malay\AppData\Roaming\Python\Python312\site-packages\django\views\generic\base.py", line 105, in view
    return self.dispatch(request, *args, **kwargs)
           ^^^^^^^^^^^^^^^^^^^^^^^^^^^^^^^^^^^^^^^
  File "C:\Users\malay\AppData\Roaming\Python\Python312\site-packages\rest_framework\views.py", line 515, in dispatch
    response = self.handle_exception(exc)
               ^^^^^^^^^^^^^^^^^^^^^^^^^^
  File "C:\Users\malay\AppData\Roaming\Python\Python312\site-packages\rest_framework\views.py", line 475, in handle_exception
    self.raise_uncaught_exception(exc)
  File "C:\Users\malay\AppData\Roaming\Python\Python312\site-packages\rest_framework\views.py", line 486, in raise_uncaught_exception
    raise exc
  File "C:\Users\malay\AppData\Roaming\Python\Python312\site-packages\rest_framework\views.py", line 512, in dispatch
    response = handler(request, *args, **kwargs)
               ^^^^^^^^^^^^^^^^^^^^^^^^^^^^^^^^^
  File "C:\Users\malay\AppData\Roaming\Python\Python312\site-packages\rest_framework\decorators.py", line 50, in handler
    return func(*args, **kwargs)
           ^^^^^^^^^^^^^^^^^^^^^
  File "c:\gimnasio\control_acceso\views.py", line 35, in validar_acceso
    clientes = Cliente.objects.filter(
               ^^^^^^^^^^^^^^^^^^^^^^^
  File "C:\Users\malay\AppData\Roaming\Python\Python312\site-packages\django\db\models\manager.py", line 87, in manager_method
    return getattr(self.get_queryset(), name)(*args, **kwargs)
           ^^^^^^^^^^^^^^^^^^^^^^^^^^^^^^^^^^^^^^^^^^^^^^^^^^^
  File "C:\Users\malay\AppData\Roaming\Python\Python312\site-packages\django\db\models\query.py", line 1495, in filter
    return self._filter_or_exclude(False, args, kwargs)
           ^^^^^^^^^^^^^^^^^^^^^^^^^^^^^^^^^^^^^^^^^^^^
  File "C:\Users\malay\AppData\Roaming\Python\Python312\site-packages\django\db\models\query.py", line 1513, in _filter_or_exclude
    clone._filter_or_exclude_inplace(negate, args, kwargs)
  File "C:\Users\malay\AppData\Roaming\Python\Python312\site-packages\django\db\models\query.py", line 1523, in _filter_or_exclude_inplace
    self._query.add_q(Q(*args, **kwargs))
  File "C:\Users\malay\AppData\Roaming\Python\Python312\site-packages\django\db\models\sql\query.py", line 1646, in add_q
    clause, _ = self._add_q(q_object, can_reuse)
                ^^^^^^^^^^^^^^^^^^^^^^^^^^^^^^^^
  File "C:\Users\malay\AppData\Roaming\Python\Python312\site-packages\django\db\models\sql\query.py", line 1678, in _add_q
    child_clause, needed_inner = self.build_filter(
                                 ^^^^^^^^^^^^^^^^^^
  File "C:\Users\malay\AppData\Roaming\Python\Python312\site-packages\django\db\models\sql\query.py", line 1503, in build_filter
    return self._add_q(
           ^^^^^^^^^^^^
  File "C:\Users\malay\AppData\Roaming\Python\Python312\site-packages\django\db\models\sql\query.py", line 1678, in _add_q
    child_clause, needed_inner = self.build_filter(
                                 ^^^^^^^^^^^^^^^^^^
  File "C:\Users\malay\AppData\Roaming\Python\Python312\site-packages\django\db\models\sql\query.py", line 1588, in build_filter
    condition = self.build_lookup(lookups, col, value)
                ^^^^^^^^^^^^^^^^^^^^^^^^^^^^^^^^^^^^^^
  File "C:\Users\malay\AppData\Roaming\Python\Python312\site-packages\django\db\models\sql\query.py", line 1402, in build_lookup
    lhs = self.try_transform(lhs, name, lookups)
          ^^^^^^^^^^^^^^^^^^^^^^^^^^^^^^^^^^^^^^
  File "C:\Users\malay\AppData\Roaming\Python\Python312\site-packages\django\db\models\sql\query.py", line 1458, in try_transform
    raise FieldError(
django.core.exceptions.FieldError: Unsupported lookup 'user__email__icontains' for OneToOneField or join on the field not permitted.
[14/Nov/2025 09:57:40] "POST /api/accesos/registros/validar_acceso/ HTTP/1.1" 500 181359
[14/Nov/2025 09:58:06] "GET /api/instalaciones/sedes/ HTTP/1.1" 200 285
[14/Nov/2025 09:58:07] "GET /api/instalaciones/sedes/ HTTP/1.1" 200 285
Internal Server Error: /api/accesos/registros/validar_acceso/
Traceback (most recent call last):
  File "C:\Users\malay\AppData\Roaming\Python\Python312\site-packages\django\core\handlers\exception.py", line 55, in inner
    response = get_response(request)
               ^^^^^^^^^^^^^^^^^^^^^
  File "C:\Users\malay\AppData\Roaming\Python\Python312\site-packages\django\core\handlers\base.py", line 197, in _get_response
    response = wrapped_callback(request, *callback_args, **callback_kwargs)
               ^^^^^^^^^^^^^^^^^^^^^^^^^^^^^^^^^^^^^^^^^^^^^^^^^^^^^^^^^^^^
  File "C:\Users\malay\AppData\Roaming\Python\Python312\site-packages\django\views\decorators\csrf.py", line 65, in _view_wrapper
    return view_func(request, *args, **kwargs)
           ^^^^^^^^^^^^^^^^^^^^^^^^^^^^^^^^^^^
  File "C:\Users\malay\AppData\Roaming\Python\Python312\site-packages\django\views\generic\base.py", line 105, in view
    return self.dispatch(request, *args, **kwargs)
           ^^^^^^^^^^^^^^^^^^^^^^^^^^^^^^^^^^^^^^^
  File "C:\Users\malay\AppData\Roaming\Python\Python312\site-packages\rest_framework\views.py", line 515, in dispatch
    response = self.handle_exception(exc)
               ^^^^^^^^^^^^^^^^^^^^^^^^^^
  File "C:\Users\malay\AppData\Roaming\Python\Python312\site-packages\rest_framework\views.py", line 475, in handle_exception
    self.raise_uncaught_exception(exc)
  File "C:\Users\malay\AppData\Roaming\Python\Python312\site-packages\rest_framework\views.py", line 486, in raise_uncaught_exception
    raise exc
  File "C:\Users\malay\AppData\Roaming\Python\Python312\site-packages\rest_framework\views.py", line 512, in dispatch
    response = handler(request, *args, **kwargs)
               ^^^^^^^^^^^^^^^^^^^^^^^^^^^^^^^^^
  File "C:\Users\malay\AppData\Roaming\Python\Python312\site-packages\rest_framework\decorators.py", line 50, in handler
    return func(*args, **kwargs)
           ^^^^^^^^^^^^^^^^^^^^^
  File "c:\gimnasio\control_acceso\views.py", line 35, in validar_acceso
    clientes = Cliente.objects.filter(
               ^^^^^^^^^^^^^^^^^^^^^^^
  File "C:\Users\malay\AppData\Roaming\Python\Python312\site-packages\django\db\models\manager.py", line 87, in manager_method
    return getattr(self.get_queryset(), name)(*args, **kwargs)
           ^^^^^^^^^^^^^^^^^^^^^^^^^^^^^^^^^^^^^^^^^^^^^^^^^^^
  File "C:\Users\malay\AppData\Roaming\Python\Python312\site-packages\django\db\models\query.py", line 1495, in filter
    return self._filter_or_exclude(False, args, kwargs)
           ^^^^^^^^^^^^^^^^^^^^^^^^^^^^^^^^^^^^^^^^^^^^
  File "C:\Users\malay\AppData\Roaming\Python\Python312\site-packages\django\db\models\query.py", line 1513, in _filter_or_exclude
    clone._filter_or_exclude_inplace(negate, args, kwargs)
  File "C:\Users\malay\AppData\Roaming\Python\Python312\site-packages\django\db\models\query.py", line 1523, in _filter_or_exclude_inplace
    self._query.add_q(Q(*args, **kwargs))
  File "C:\Users\malay\AppData\Roaming\Python\Python312\site-packages\django\db\models\sql\query.py", line 1646, in add_q
    clause, _ = self._add_q(q_object, can_reuse)
                ^^^^^^^^^^^^^^^^^^^^^^^^^^^^^^^^
  File "C:\Users\malay\AppData\Roaming\Python\Python312\site-packages\django\db\models\sql\query.py", line 1678, in _add_q
    child_clause, needed_inner = self.build_filter(
                                 ^^^^^^^^^^^^^^^^^^
  File "C:\Users\malay\AppData\Roaming\Python\Python312\site-packages\django\db\models\sql\query.py", line 1503, in build_filter
    return self._add_q(
           ^^^^^^^^^^^^
  File "C:\Users\malay\AppData\Roaming\Python\Python312\site-packages\django\db\models\sql\query.py", line 1678, in _add_q
    child_clause, needed_inner = self.build_filter(
                                 ^^^^^^^^^^^^^^^^^^
  File "C:\Users\malay\AppData\Roaming\Python\Python312\site-packages\django\db\models\sql\query.py", line 1588, in build_filter
    condition = self.build_lookup(lookups, col, value)
                ^^^^^^^^^^^^^^^^^^^^^^^^^^^^^^^^^^^^^^
  File "C:\Users\malay\AppData\Roaming\Python\Python312\site-packages\django\db\models\sql\query.py", line 1402, in build_lookup
    lhs = self.try_transform(lhs, name, lookups)
          ^^^^^^^^^^^^^^^^^^^^^^^^^^^^^^^^^^^^^^
  File "C:\Users\malay\AppData\Roaming\Python\Python312\site-packages\django\db\models\sql\query.py", line 1458, in try_transform
    raise FieldError(
django.core.exceptions.FieldError: Unsupported lookup 'user__email__icontains' for OneToOneField or join on the field not permitted.
[14/Nov/2025 09:58:10] "POST /api/accesos/registros/validar_acceso/ HTTP/1.1" 500 181303
Internal Server Error: /api/accesos/registros/validar_acceso/
Traceback (most recent call last):
  File "C:\Users\malay\AppData\Roaming\Python\Python312\site-packages\django\core\handlers\exception.py", line 55, in inner
    response = get_response(request)
               ^^^^^^^^^^^^^^^^^^^^^
  File "C:\Users\malay\AppData\Roaming\Python\Python312\site-packages\django\core\handlers\base.py", line 197, in _get_response
    response = wrapped_callback(request, *callback_args, **callback_kwargs)
               ^^^^^^^^^^^^^^^^^^^^^^^^^^^^^^^^^^^^^^^^^^^^^^^^^^^^^^^^^^^^
  File "C:\Users\malay\AppData\Roaming\Python\Python312\site-packages\django\views\decorators\csrf.py", line 65, in _view_wrapper
    return view_func(request, *args, **kwargs)
           ^^^^^^^^^^^^^^^^^^^^^^^^^^^^^^^^^^^
  File "C:\Users\malay\AppData\Roaming\Python\Python312\site-packages\django\views\generic\base.py", line 105, in view
    return self.dispatch(request, *args, **kwargs)
           ^^^^^^^^^^^^^^^^^^^^^^^^^^^^^^^^^^^^^^^
  File "C:\Users\malay\AppData\Roaming\Python\Python312\site-packages\rest_framework\views.py", line 515, in dispatch
    response = self.handle_exception(exc)
               ^^^^^^^^^^^^^^^^^^^^^^^^^^
  File "C:\Users\malay\AppData\Roaming\Python\Python312\site-packages\rest_framework\views.py", line 475, in handle_exception
    self.raise_uncaught_exception(exc)
  File "C:\Users\malay\AppData\Roaming\Python\Python312\site-packages\rest_framework\views.py", line 486, in raise_uncaught_exception
    raise exc
  File "C:\Users\malay\AppData\Roaming\Python\Python312\site-packages\rest_framework\views.py", line 512, in dispatch
    response = handler(request, *args, **kwargs)
               ^^^^^^^^^^^^^^^^^^^^^^^^^^^^^^^^^
  File "C:\Users\malay\AppData\Roaming\Python\Python312\site-packages\rest_framework\decorators.py", line 50, in handler
    return func(*args, **kwargs)
           ^^^^^^^^^^^^^^^^^^^^^
  File "c:\gimnasio\control_acceso\views.py", line 35, in validar_acceso
    clientes = Cliente.objects.filter(
               ^^^^^^^^^^^^^^^^^^^^^^^
  File "C:\Users\malay\AppData\Roaming\Python\Python312\site-packages\django\db\models\manager.py", line 87, in manager_method
    return getattr(self.get_queryset(), name)(*args, **kwargs)
           ^^^^^^^^^^^^^^^^^^^^^^^^^^^^^^^^^^^^^^^^^^^^^^^^^^^
  File "C:\Users\malay\AppData\Roaming\Python\Python312\site-packages\django\db\models\query.py", line 1495, in filter
    return self._filter_or_exclude(False, args, kwargs)
           ^^^^^^^^^^^^^^^^^^^^^^^^^^^^^^^^^^^^^^^^^^^^
  File "C:\Users\malay\AppData\Roaming\Python\Python312\site-packages\django\db\models\query.py", line 1513, in _filter_or_exclude
    clone._filter_or_exclude_inplace(negate, args, kwargs)
  File "C:\Users\malay\AppData\Roaming\Python\Python312\site-packages\django\db\models\query.py", line 1523, in _filter_or_exclude_inplace
    self._query.add_q(Q(*args, **kwargs))
  File "C:\Users\malay\AppData\Roaming\Python\Python312\site-packages\django\db\models\sql\query.py", line 1646, in add_q
    clause, _ = self._add_q(q_object, can_reuse)
                ^^^^^^^^^^^^^^^^^^^^^^^^^^^^^^^^
  File "C:\Users\malay\AppData\Roaming\Python\Python312\site-packages\django\db\models\sql\query.py", line 1678, in _add_q
    child_clause, needed_inner = self.build_filter(
                                 ^^^^^^^^^^^^^^^^^^
  File "C:\Users\malay\AppData\Roaming\Python\Python312\site-packages\django\db\models\sql\query.py", line 1503, in build_filter
    return self._add_q(
           ^^^^^^^^^^^^
  File "C:\Users\malay\AppData\Roaming\Python\Python312\site-packages\django\db\models\sql\query.py", line 1678, in _add_q
    child_clause, needed_inner = self.build_filter(
                                 ^^^^^^^^^^^^^^^^^^
  File "C:\Users\malay\AppData\Roaming\Python\Python312\site-packages\django\db\models\sql\query.py", line 1588, in build_filter
    condition = self.build_lookup(lookups, col, value)
                ^^^^^^^^^^^^^^^^^^^^^^^^^^^^^^^^^^^^^^
  File "C:\Users\malay\AppData\Roaming\Python\Python312\site-packages\django\db\models\sql\query.py", line 1402, in build_lookup
    lhs = self.try_transform(lhs, name, lookups)
          ^^^^^^^^^^^^^^^^^^^^^^^^^^^^^^^^^^^^^^
  File "C:\Users\malay\AppData\Roaming\Python\Python312\site-packages\django\db\models\sql\query.py", line 1458, in try_transform
    raise FieldError(
django.core.exceptions.FieldError: Unsupported lookup 'user__email__icontains' for OneToOneField or join on the field not permitted.
[14/Nov/2025 09:58:11] "POST /api/accesos/registros/validar_acceso/ HTTP/1.1" 500 181359
Internal Server Error: /api/accesos/registros/validar_acceso/
Traceback (most recent call last):
  File "C:\Users\malay\AppData\Roaming\Python\Python312\site-packages\django\core\handlers\exception.py", line 55, in inner
    response = get_response(request)
               ^^^^^^^^^^^^^^^^^^^^^
  File "C:\Users\malay\AppData\Roaming\Python\Python312\site-packages\django\core\handlers\base.py", line 197, in _get_response
    response = wrapped_callback(request, *callback_args, **callback_kwargs)
               ^^^^^^^^^^^^^^^^^^^^^^^^^^^^^^^^^^^^^^^^^^^^^^^^^^^^^^^^^^^^
  File "C:\Users\malay\AppData\Roaming\Python\Python312\site-packages\django\views\decorators\csrf.py", line 65, in _view_wrapper
    return view_func(request, *args, **kwargs)
           ^^^^^^^^^^^^^^^^^^^^^^^^^^^^^^^^^^^
  File "C:\Users\malay\AppData\Roaming\Python\Python312\site-packages\django\views\generic\base.py", line 105, in view
    return self.dispatch(request, *args, **kwargs)
           ^^^^^^^^^^^^^^^^^^^^^^^^^^^^^^^^^^^^^^^
  File "C:\Users\malay\AppData\Roaming\Python\Python312\site-packages\rest_framework\views.py", line 515, in dispatch
    response = self.handle_exception(exc)
               ^^^^^^^^^^^^^^^^^^^^^^^^^^
  File "C:\Users\malay\AppData\Roaming\Python\Python312\site-packages\rest_framework\views.py", line 475, in handle_exception
    self.raise_uncaught_exception(exc)
  File "C:\Users\malay\AppData\Roaming\Python\Python312\site-packages\rest_framework\views.py", line 486, in raise_uncaught_exception
    raise exc
  File "C:\Users\malay\AppData\Roaming\Python\Python312\site-packages\rest_framework\views.py", line 512, in dispatch
    response = handler(request, *args, **kwargs)
               ^^^^^^^^^^^^^^^^^^^^^^^^^^^^^^^^^
  File "C:\Users\malay\AppData\Roaming\Python\Python312\site-packages\rest_framework\decorators.py", line 50, in handler
    return func(*args, **kwargs)
           ^^^^^^^^^^^^^^^^^^^^^
  File "c:\gimnasio\control_acceso\views.py", line 35, in validar_acceso
    clientes = Cliente.objects.filter(
               ^^^^^^^^^^^^^^^^^^^^^^^
  File "C:\Users\malay\AppData\Roaming\Python\Python312\site-packages\django\db\models\manager.py", line 87, in manager_method
    return getattr(self.get_queryset(), name)(*args, **kwargs)
           ^^^^^^^^^^^^^^^^^^^^^^^^^^^^^^^^^^^^^^^^^^^^^^^^^^^
  File "C:\Users\malay\AppData\Roaming\Python\Python312\site-packages\django\db\models\query.py", line 1495, in filter
    return self._filter_or_exclude(False, args, kwargs)
           ^^^^^^^^^^^^^^^^^^^^^^^^^^^^^^^^^^^^^^^^^^^^
  File "C:\Users\malay\AppData\Roaming\Python\Python312\site-packages\django\db\models\query.py", line 1513, in _filter_or_exclude
    clone._filter_or_exclude_inplace(negate, args, kwargs)
  File "C:\Users\malay\AppData\Roaming\Python\Python312\site-packages\django\db\models\query.py", line 1523, in _filter_or_exclude_inplace
    self._query.add_q(Q(*args, **kwargs))
  File "C:\Users\malay\AppData\Roaming\Python\Python312\site-packages\django\db\models\sql\query.py", line 1646, in add_q
    clause, _ = self._add_q(q_object, can_reuse)
                ^^^^^^^^^^^^^^^^^^^^^^^^^^^^^^^^
  File "C:\Users\malay\AppData\Roaming\Python\Python312\site-packages\django\db\models\sql\query.py", line 1678, in _add_q
    child_clause, needed_inner = self.build_filter(
                                 ^^^^^^^^^^^^^^^^^^
  File "C:\Users\malay\AppData\Roaming\Python\Python312\site-packages\django\db\models\sql\query.py", line 1503, in build_filter
    return self._add_q(
           ^^^^^^^^^^^^
  File "C:\Users\malay\AppData\Roaming\Python\Python312\site-packages\django\db\models\sql\query.py", line 1678, in _add_q
    child_clause, needed_inner = self.build_filter(
                                 ^^^^^^^^^^^^^^^^^^
  File "C:\Users\malay\AppData\Roaming\Python\Python312\site-packages\django\db\models\sql\query.py", line 1588, in build_filter
    condition = self.build_lookup(lookups, col, value)
                ^^^^^^^^^^^^^^^^^^^^^^^^^^^^^^^^^^^^^^
  File "C:\Users\malay\AppData\Roaming\Python\Python312\site-packages\django\db\models\sql\query.py", line 1402, in build_lookup
    lhs = self.try_transform(lhs, name, lookups)
          ^^^^^^^^^^^^^^^^^^^^^^^^^^^^^^^^^^^^^^
  File "C:\Users\malay\AppData\Roaming\Python\Python312\site-packages\django\db\models\sql\query.py", line 1458, in try_transform
    raise FieldError(
django.core.exceptions.FieldError: Unsupported lookup 'user__email__icontains' for OneToOneField or join on the field not permitted.
[14/Nov/2025 09:58:13] "POST /api/accesos/registros/validar_acceso/ HTTP/1.1" 500 181359
C:\gimnasio\control_acceso\views.py changed, reloading.
Performing system checks...

System check identified no issues (0 silenced).
November 14, 2025 - 09:51:45
Django version 5.2.8, using settings 'gym.settings'
Starting development server at http://127.0.0.1:8000/
Quit the server with CTRL-BREAK.

WARNING: This is a development server. Do not use it in a production setting. Use a production WSGI or ASGI server instead.
For more information on production servers see: https://docs.djangoproject.com/en/5.2/howto/deployment/
Watching for file changes with StatReloader
C:\gimnasio\control_acceso\views.py changed, reloading.
Performing system checks...

System check identified no issues (0 silenced).
November 14, 2025 - 10:02:39
Django version 5.2.8, using settings 'gym.settings'
Starting development server at http://127.0.0.1:8000/
Quit the server with CTRL-BREAK.

WARNING: This is a development server. Do not use it in a production setting. Use a production WSGI or ASGI server instead.
For more information on production servers see: https://docs.djangoproject.com/en/5.2/howto/deployment/
Watching for file changes with StatReloader
C:\gimnasio\control_acceso\views.py changed, reloading.
Performing system checks...

System check identified no issues (0 silenced).
November 14, 2025 - 10:03:01
Django version 5.2.8, using settings 'gym.settings'
Starting development server at http://127.0.0.1:8000/
Quit the server with CTRL-BREAK.

WARNING: This is a development server. Do not use it in a production setting. Use a production WSGI or ASGI server instead.
For more information on production servers see: https://docs.djangoproject.com/en/5.2/howto/deployment/
Watching for file changes with StatReloader
Unauthorized: /api/instalaciones/sedes/
[14/Nov/2025 10:07:40] "GET /api/instalaciones/sedes/ HTTP/1.1" 401 172
Unauthorized: /api/instalaciones/sedes/
[14/Nov/2025 10:07:40] "GET /api/instalaciones/sedes/ HTTP/1.1" 401 172
[14/Nov/2025 10:07:40] "OPTIONS /api/token/refresh/ HTTP/1.1" 200 0
[14/Nov/2025 10:07:40] "OPTIONS /api/token/refresh/ HTTP/1.1" 200 0
[14/Nov/2025 10:07:41] "POST /api/token/refresh/ HTTP/1.1" 200 246
[14/Nov/2025 10:07:41] "POST /api/token/refresh/ HTTP/1.1" 200 246
[14/Nov/2025 10:07:41] "GET /api/instalaciones/sedes/ HTTP/1.1" 200 285
[14/Nov/2025 10:07:41] "GET /api/instalaciones/sedes/ HTTP/1.1" 200 285
[14/Nov/2025 10:07:43] "GET /api/instalaciones/sedes/ HTTP/1.1" 200 285
[14/Nov/2025 10:07:43] "GET /api/instalaciones/sedes/ HTTP/1.1" 200 285
[14/Nov/2025 10:07:45] "OPTIONS /api/inventario/inventario/ HTTP/1.1" 200 0
[14/Nov/2025 10:07:45] "OPTIONS /api/inventario/inventario/ HTTP/1.1" 200 0
[14/Nov/2025 10:07:45] "GET /api/instalaciones/sedes/ HTTP/1.1" 200 285
[14/Nov/2025 10:07:45] "GET /api/inventario/inventario/ HTTP/1.1" 200 3509
[14/Nov/2025 10:07:45] "GET /api/instalaciones/sedes/ HTTP/1.1" 200 285
[14/Nov/2025 10:07:45] "GET /api/inventario/inventario/ HTTP/1.1" 200 3509
[14/Nov/2025 10:07:46] "GET /api/instalaciones/sedes/ HTTP/1.1" 200 285
[14/Nov/2025 10:07:46] "GET /api/instalaciones/sedes/ HTTP/1.1" 200 285
[14/Nov/2025 10:07:50] "POST /api/accesos/registros/validar_acceso/ HTTP/1.1" 200 292
Not Found: /api/accesos/registros/validar_acceso/
[14/Nov/2025 10:07:52] "POST /api/accesos/registros/validar_acceso/ HTTP/1.1" 404 108
Not Found: /api/accesos/registros/validar_acceso/
[14/Nov/2025 10:07:52] "POST /api/accesos/registros/validar_acceso/ HTTP/1.1" 404 108
[14/Nov/2025 10:08:00] "OPTIONS /api/clientes/nuevo/ HTTP/1.1" 200 0
[14/Nov/2025 10:08:00] "OPTIONS /api/clientes/nuevo/ HTTP/1.1" 200 0
Not Found: /api/clientes/nuevo/
[14/Nov/2025 10:08:00] "GET /api/clientes/nuevo/ HTTP/1.1" 404 23
Not Found: /api/clientes/nuevo/
[14/Nov/2025 10:08:00] "GET /api/clientes/nuevo/ HTTP/1.1" 404 23
[14/Nov/2025 10:08:03] "OPTIONS /api/clientes/estadisticas/ HTTP/1.1" 200 0
[14/Nov/2025 10:08:03] "OPTIONS /api/clientes/ HTTP/1.1" 200 0
[14/Nov/2025 10:08:03] "OPTIONS /api/clientes/estadisticas/ HTTP/1.1" 200 0
[14/Nov/2025 10:08:03] "OPTIONS /api/clientes/ HTTP/1.1" 200 0
[14/Nov/2025 10:08:03] "GET /api/instalaciones/sedes/ HTTP/1.1" 200 285
[14/Nov/2025 10:08:03] "GET /api/clientes/estadisticas/ HTTP/1.1" 200 225
[14/Nov/2025 10:08:03] "GET /api/clientes/ HTTP/1.1" 200 3453
[14/Nov/2025 10:08:03] "GET /api/instalaciones/sedes/ HTTP/1.1" 200 285
[14/Nov/2025 10:08:03] "GET /api/clientes/estadisticas/ HTTP/1.1" 200 225
[14/Nov/2025 10:08:03] "GET /api/clientes/ HTTP/1.1" 200 3453
[14/Nov/2025 10:08:08] "GET /api/instalaciones/sedes/ HTTP/1.1" 200 285
[14/Nov/2025 10:08:08] "GET /api/instalaciones/sedes/ HTTP/1.1" 200 285
[14/Nov/2025 10:08:13] "POST /api/accesos/registros/validar_acceso/ HTTP/1.1" 200 292
Not Found: /api/accesos/registros/validar_acceso/
[14/Nov/2025 10:08:17] "POST /api/accesos/registros/validar_acceso/ HTTP/1.1" 404 108
Not Found: /api/accesos/registros/validar_acceso/
[14/Nov/2025 10:08:17] "POST /api/accesos/registros/validar_acceso/ HTTP/1.1" 404 108
[14/Nov/2025 10:08:49] "GET /api/instalaciones/sedes/ HTTP/1.1" 200 285
[14/Nov/2025 10:08:49] "GET /api/instalaciones/sedes/ HTTP/1.1" 200 285
[14/Nov/2025 10:09:05] "POST /api/accesos/registros/validar_acceso/ HTTP/1.1" 200 292
[14/Nov/2025 10:09:06] "POST /api/accesos/registros/validar_acceso/ HTTP/1.1" 200 292
Not Found: /api/accesos/registros/validar_acceso/
[14/Nov/2025 10:09:06] "POST /api/accesos/registros/validar_acceso/ HTTP/1.1" 404 108
Not Found: /api/accesos/registros/validar_acceso/
[14/Nov/2025 10:09:07] "POST /api/accesos/registros/validar_acceso/ HTTP/1.1" 404 108
Unauthorized: /api/accesos/registros/validar_acceso/
[14/Nov/2025 10:09:46] "GET /api/accesos/registros/validar_acceso/ HTTP/1.1" 401 58
